Обнаружение хэша компилятора для триплета x64-windows...
Найден компилятор: C:/Program Files/Microsoft Visual Studio/2022/Enterprise/VC/Tools/MSVC/14.41.34120/bin/Hostx64/x64/cl.exe
Все запрашиваемые пакеты сейчас установлены.
Общее время установки: 400 ns
glad предоставляет целевые объекты CMake:

  # этот элемент создан эвристически и может быть неверным
  find_package(glad CONFIG REQUIRED)
  target_link_libraries(main PRIVATE glad::glad)

glfw3 предоставляет целевые объекты CMake:

  # этот элемент создан эвристически и может быть неверным
  find_package(glfw3 CONFIG REQUIRED)
  target_link_libraries(main PRIVATE glfw)

glfw3 предоставляет модули pkg-config:

  # A multi-platform library for OpenGL, window and input
  glfw3

The package glm provides CMake targets:

    find_package(glm CONFIG REQUIRED)
    target_link_libraries(main PRIVATE glm::glm)

    # Or use the header-only version
    find_package(glm CONFIG REQUIRED)
    target_link_libraries(main PRIVATE glm::glm-header-only)

